# JRE version: Java(TM) SE Runtime Environment (17.0.12+8) (build 17.0.12+8-LTS-286)
# Java VM: Java HotSpot(TM) 64-Bit Server VM (17.0.12+8-LTS-286, mixed mode, sharing, tiered, compressed oops, compressed class ptrs, g1 gc, windows-amd64)
GC Precious Log:
 CPUs: 12 total, 12 available
 Memory: 7914M
 Large Page Support: Disabled
 NUMA Support: Disabled
 Compressed Oops: Enabled (32-bit)
 Heap Region Size: 1M
 Heap Min Capacity: 8M
 Heap Initial Capacity: 124M
 Heap Max Capacity: 2G
 Pre-touch: Disabled
 Parallel Workers: 10
 Concurrent Workers: 3
 Concurrent Refinement Workers: 10
 Periodic GC: Disabled
Heap:
 garbage-first heap   total 266240K, used 126976K [0x0000000080000000, 0x0000000100000000)
  region size 1024K, 19 young (19456K), 13 survivors (13312K)
 Metaspace       used 86497K, committed 87424K, reserved 557056K
  class space    used 12019K, committed 12480K, reserved 425984K
GC Heap History (20 events):
Event: 7.229 GC heap before
{Heap before GC invocations=22 (full 0):
 garbage-first heap   total 133120K, used 71744K [0x0000000080000000, 0x0000000100000000)
  region size 1024K, 6 young (6144K), 5 survivors (5120K)
 Metaspace       used 63614K, committed 64320K, reserved 491520K
  class space    used 9026K, committed 9344K, reserved 425984K
}
Event: 7.231 GC heap after
{Heap after GC invocations=23 (full 0):
 garbage-first heap   total 133120K, used 70423K [0x0000000080000000, 0x0000000100000000)
  region size 1024K, 1 young (1024K), 1 survivors (1024K)
 Metaspace       used 63614K, committed 64320K, reserved 491520K
  class space    used 9026K, committed 9344K, reserved 425984K
}
Event: 7.632 GC heap before
{Heap before GC invocations=23 (full 0):
 garbage-first heap   total 133120K, used 106263K [0x0000000080000000, 0x0000000100000000)
  region size 1024K, 36 young (36864K), 1 survivors (1024K)
 Metaspace       used 65242K, committed 65984K, reserved 491520K
  class space    used 9253K, committed 9600K, reserved 425984K
}
Event: 7.636 GC heap after
{Heap after GC invocations=24 (full 0):
 garbage-first heap   total 133120K, used 74154K [0x0000000080000000, 0x0000000100000000)
  region size 1024K, 5 young (5120K), 5 survivors (5120K)
 Metaspace       used 65242K, committed 65984K, reserved 491520K
  class space    used 9253K, committed 9600K, reserved 425984K
}
Event: 8.215 GC heap before
{Heap before GC invocations=25 (full 0):
 garbage-first heap   total 133120K, used 105898K [0x0000000080000000, 0x0000000100000000)
  region size 1024K, 37 young (37888K), 5 survivors (5120K)
 Metaspace       used 67516K, committed 68160K, reserved 491520K
  class space    used 9556K, committed 9856K, reserved 425984K
}
Event: 8.220 GC heap after
{Heap after GC invocations=26 (full 0):
 garbage-first heap   total 133120K, used 76872K [0x0000000080000000, 0x0000000100000000)
  region size 1024K, 3 young (3072K), 3 survivors (3072K)
 Metaspace       used 67516K, committed 68160K, reserved 491520K
  class space    used 9556K, committed 9856K, reserved 425984K
}
Event: 8.261 GC heap before
{Heap before GC invocations=26 (full 0):
 garbage-first heap   total 133120K, used 79944K [0x0000000080000000, 0x0000000100000000)
  region size 1024K, 6 young (6144K), 3 survivors (3072K)
 Metaspace       used 67753K, committed 68416K, reserved 491520K
  class space    used 9590K, committed 9920K, reserved 425984K
}
Event: 8.264 GC heap after
{Heap after GC invocations=27 (full 0):
 garbage-first heap   total 133120K, used 75892K [0x0000000080000000, 0x0000000100000000)
  region size 1024K, 1 young (1024K), 1 survivors (1024K)
 Metaspace       used 67753K, committed 68416K, reserved 491520K
  class space    used 9590K, committed 9920K, reserved 425984K
}
Event: 8.684 GC heap before
{Heap before GC invocations=27 (full 0):
 garbage-first heap   total 133120K, used 107636K [0x0000000080000000, 0x0000000100000000)
  region size 1024K, 33 young (33792K), 1 survivors (1024K)
 Metaspace       used 69654K, committed 70400K, reserved 491520K
  class space    used 9944K, committed 10304K, reserved 425984K
}
Event: 8.689 GC heap after
{Heap after GC invocations=28 (full 0):
 garbage-first heap   total 266240K, used 79881K [0x0000000080000000, 0x0000000100000000)
  region size 1024K, 5 young (5120K), 5 survivors (5120K)
 Metaspace       used 69654K, committed 70400K, reserved 491520K
  class space    used 9944K, committed 10304K, reserved 425984K
}
Event: 9.498 GC heap before
{Heap before GC invocations=29 (full 0):
 garbage-first heap   total 266240K, used 195593K [0x0000000080000000, 0x0000000100000000)
  region size 1024K, 117 young (119808K), 5 survivors (5120K)
 Metaspace       used 71631K, committed 72512K, reserved 491520K
  class space    used 10135K, committed 10560K, reserved 425984K
}
Event: 9.507 GC heap after
{Heap after GC invocations=30 (full 0):
 garbage-first heap   total 266240K, used 88389K [0x0000000080000000, 0x0000000100000000)
  region size 1024K, 13 young (13312K), 13 survivors (13312K)
 Metaspace       used 71631K, committed 72512K, reserved 491520K
  class space    used 10135K, committed 10560K, reserved 425984K
}
Event: 9.510 GC heap before
{Heap before GC invocations=30 (full 0):
 garbage-first heap   total 266240K, used 89413K [0x0000000080000000, 0x0000000100000000)
  region size 1024K, 14 young (14336K), 13 survivors (13312K)
 Metaspace       used 71636K, committed 72512K, reserved 491520K
  class space    used 10135K, committed 10560K, reserved 425984K
}
Event: 9.517 GC heap after
{Heap after GC invocations=31 (full 0):
 garbage-first heap   total 266240K, used 87927K [0x0000000080000000, 0x0000000100000000)
  region size 1024K, 2 young (2048K), 2 survivors (2048K)
 Metaspace       used 71636K, committed 72512K, reserved 491520K
  class space    used 10135K, committed 10560K, reserved 425984K
}
Event: 9.767 GC heap before
{Heap before GC invocations=31 (full 0):
 garbage-first heap   total 266240K, used 195447K [0x0000000080000000, 0x0000000100000000)
  region size 1024K, 108 young (110592K), 2 survivors (2048K)
 Metaspace       used 71711K, committed 72640K, reserved 491520K
  class space    used 10135K, committed 10560K, reserved 425984K
}
Event: 9.772 GC heap after
{Heap after GC invocations=32 (full 0):
 garbage-first heap   total 266240K, used 91003K [0x0000000080000000, 0x0000000100000000)
  region size 1024K, 5 young (5120K), 5 survivors (5120K)
 Metaspace       used 71711K, committed 72640K, reserved 491520K
  class space    used 10135K, committed 10560K, reserved 425984K
}
Event: 10.856 GC heap before
{Heap before GC invocations=32 (full 0):
 garbage-first heap   total 266240K, used 212859K [0x0000000080000000, 0x0000000100000000)
  region size 1024K, 116 young (118784K), 5 survivors (5120K)
 Metaspace       used 77343K, committed 78208K, reserved 557056K
  class space    used 10778K, committed 11200K, reserved 425984K
}
Event: 10.864 GC heap after
{Heap after GC invocations=33 (full 0):
 garbage-first heap   total 266240K, used 109053K [0x0000000080000000, 0x0000000100000000)
  region size 1024K, 15 young (15360K), 15 survivors (15360K)
 Metaspace       used 77343K, committed 78208K, reserved 557056K
  class space    used 10778K, committed 11200K, reserved 425984K
}
Event: 11.601 GC heap before
{Heap before GC invocations=33 (full 0):
 garbage-first heap   total 266240K, used 210429K [0x0000000080000000, 0x0000000100000000)
  region size 1024K, 109 young (111616K), 15 survivors (15360K)
 Metaspace       used 83430K, committed 84352K, reserved 557056K
  class space    used 11592K, committed 12032K, reserved 425984K
}
Event: 11.608 GC heap after
{Heap after GC invocations=34 (full 0):
 garbage-first heap   total 266240K, used 115515K [0x0000000080000000, 0x0000000100000000)
  region size 1024K, 7 young (7168K), 7 survivors (7168K)
 Metaspace       used 83430K, committed 84352K, reserved 557056K
  class space    used 11592K, committed 12032K, reserved 425984K
}

